# JRE version: Java(TM) SE Runtime Environment (8.0_161-b12) (build 1.8.0_161-b12)
# Java VM: Java HotSpot(TM) 64-Bit Server VM (25.161-b12 mixed mode windows-amd64 compressed oops)
Heap:
 PSYoungGen      total 38400K, used 7105K [0x00000000d5a00000, 0x00000000d8480000, 0x0000000100000000)
  eden space 33280K, 21% used [0x00000000d5a00000,0x00000000d60f05e8,0x00000000d7a80000)
  from space 5120K, 0% used [0x00000000d7a80000,0x00000000d7a80000,0x00000000d7f80000)
  to   space 5120K, 0% used [0x00000000d7f80000,0x00000000d7f80000,0x00000000d8480000)
 ParOldGen       total 87552K, used 989K [0x0000000080e00000, 0x0000000086380000, 0x00000000d5a00000)
  object space 87552K, 1% used [0x0000000080e00000,0x0000000080ef7718,0x0000000086380000)
 Metaspace       used 7038K, capacity 7252K, committed 7296K, reserved 1056768K
  class space    used 798K, capacity 867K, committed 896K, reserved 1048576K
GC Heap History (10 events):
Event: 7.461 GC heap before
{Heap before GC invocations=2 (full 1):
 PSYoungGen      total 38400K, used 1152K [0x00000000d5a00000, 0x00000000d8480000, 0x0000000100000000)
  eden space 33280K, 0% used [0x00000000d5a00000,0x00000000d5a00000,0x00000000d7a80000)
  from space 5120K, 22% used [0x00000000d7a80000,0x00000000d7ba0020,0x00000000d7f80000)
  to   space 5120K, 0% used [0x00000000d7f80000,0x00000000d7f80000,0x00000000d8480000)
 ParOldGen       total 87552K, used 8K [0x0000000080e00000, 0x0000000086380000, 0x00000000d5a00000)
  object space 87552K, 0% used [0x0000000080e00000,0x0000000080e02000,0x0000000086380000)
 Metaspace       used 6514K, capacity 6672K, committed 6784K, reserved 1056768K
  class space    used 769K, capacity 832K, committed 896K, reserved 1048576K
Event: 7.468 GC heap after
Heap after GC invocations=2 (full 1):
 PSYoungGen      total 38400K, used 0K [0x00000000d5a00000, 0x00000000d8480000, 0x0000000100000000)
  eden space 33280K, 0% used [0x00000000d5a00000,0x00000000d5a00000,0x00000000d7a80000)
  from space 5120K, 0% used [0x00000000d7a80000,0x00000000d7a80000,0x00000000d7f80000)
  to   space 5120K, 0% used [0x00000000d7f80000,0x00000000d7f80000,0x00000000d8480000)
 ParOldGen       total 87552K, used 1056K [0x0000000080e00000, 0x0000000086380000, 0x00000000d5a00000)
  object space 87552K, 1% used [0x0000000080e00000,0x0000000080f08148,0x0000000086380000)
 Metaspace       used 6514K, capacity 6672K, committed 6784K, reserved 1056768K
  class space    used 769K, capacity 832K, committed 896K, reserved 1048576K
}
Event: 3607.469 GC heap before
{Heap before GC invocations=3 (full 1):
 PSYoungGen      total 38400K, used 3993K [0x00000000d5a00000, 0x00000000d8480000, 0x0000000100000000)
  eden space 33280K, 12% used [0x00000000d5a00000,0x00000000d5de6738,0x00000000d7a80000)
  from space 5120K, 0% used [0x00000000d7a80000,0x00000000d7a80000,0x00000000d7f80000)
  to   space 5120K, 0% used [0x00000000d7f80000,0x00000000d7f80000,0x00000000d8480000)
 ParOldGen       total 87552K, used 1056K [0x0000000080e00000, 0x0000000086380000, 0x00000000d5a00000)
  object space 87552K, 1% used [0x0000000080e00000,0x0000000080f08148,0x0000000086380000)
 Metaspace       used 6801K, capacity 7000K, committed 7040K, reserved 1056768K
  class space    used 801K, capacity 873K, committed 896K, reserved 1048576K
Event: 3607.471 GC heap after
Heap after GC invocations=3 (full 1):
 PSYoungGen      total 38400K, used 128K [0x00000000d5a00000, 0x00000000d8480000, 0x0000000100000000)
  eden space 33280K, 0% used [0x00000000d5a00000,0x00000000d5a00000,0x00000000d7a80000)
  from space 5120K, 2% used [0x00000000d7f80000,0x00000000d7fa0000,0x00000000d8480000)
  to   space 5120K, 0% used [0x00000000d7a80000,0x00000000d7a80000,0x00000000d7f80000)
 ParOldGen       total 87552K, used 1064K [0x0000000080e00000, 0x0000000086380000, 0x00000000d5a00000)
  object space 87552K, 1% used [0x0000000080e00000,0x0000000080f0a148,0x0000000086380000)
 Metaspace       used 6801K, capacity 7000K, committed 7040K, reserved 1056768K
  class space    used 801K, capacity 873K, committed 896K, reserved 1048576K
}
Event: 3607.471 GC heap before
{Heap before GC invocations=4 (full 2):
 PSYoungGen      total 38400K, used 128K [0x00000000d5a00000, 0x00000000d8480000, 0x0000000100000000)
  eden space 33280K, 0% used [0x00000000d5a00000,0x00000000d5a00000,0x00000000d7a80000)
  from space 5120K, 2% used [0x00000000d7f80000,0x00000000d7fa0000,0x00000000d8480000)
  to   space 5120K, 0% used [0x00000000d7a80000,0x00000000d7a80000,0x00000000d7f80000)
 ParOldGen       total 87552K, used 1064K [0x0000000080e00000, 0x0000000086380000, 0x00000000d5a00000)
  object space 87552K, 1% used [0x0000000080e00000,0x0000000080f0a148,0x0000000086380000)
 Metaspace       used 6801K, capacity 7000K, committed 7040K, reserved 1056768K
  class space    used 801K, capacity 873K, committed 896K, reserved 1048576K
Event: 3607.494 GC heap after
Heap after GC invocations=4 (full 2):
 PSYoungGen      total 38400K, used 0K [0x00000000d5a00000, 0x00000000d8480000, 0x0000000100000000)
  eden space 33280K, 0% used [0x00000000d5a00000,0x00000000d5a00000,0x00000000d7a80000)
  from space 5120K, 0% used [0x00000000d7f80000,0x00000000d7f80000,0x00000000d8480000)
  to   space 5120K, 0% used [0x00000000d7a80000,0x00000000d7a80000,0x00000000d7f80000)
 ParOldGen       total 87552K, used 989K [0x0000000080e00000, 0x0000000086380000, 0x00000000d5a00000)
  object space 87552K, 1% used [0x0000000080e00000,0x0000000080ef7780,0x0000000086380000)
 Metaspace       used 6760K, capacity 6936K, committed 7040K, reserved 1056768K
  class space    used 794K, capacity 859K, committed 896K, reserved 1048576K
}
Event: 7207.495 GC heap before
{Heap before GC invocations=5 (full 2):
 PSYoungGen      total 38400K, used 2222K [0x00000000d5a00000, 0x00000000d8480000, 0x0000000100000000)
  eden space 33280K, 6% used [0x00000000d5a00000,0x00000000d5c2bbb0,0x00000000d7a80000)
  from space 5120K, 0% used [0x00000000d7f80000,0x00000000d7f80000,0x00000000d8480000)
  to   space 5120K, 0% used [0x00000000d7a80000,0x00000000d7a80000,0x00000000d7f80000)
 ParOldGen       total 87552K, used 989K [0x0000000080e00000, 0x0000000086380000, 0x00000000d5a00000)
  object space 87552K, 1% used [0x0000000080e00000,0x0000000080ef7780,0x0000000086380000)
 Metaspace       used 6849K, capacity 7086K, committed 7296K, reserved 1056768K
  class space    used 795K, capacity 862K, committed 896K, reserved 1048576K
Event: 7207.495 GC heap after
Heap after GC invocations=5 (full 2):
 PSYoungGen      total 38400K, used 128K [0x00000000d5a00000, 0x00000000d8480000, 0x0000000100000000)
  eden space 33280K, 0% used [0x00000000d5a00000,0x00000000d5a00000,0x00000000d7a80000)
  from space 5120K, 2% used [0x00000000d7a80000,0x00000000d7aa0000,0x00000000d7f80000)
  to   space 5120K, 0% used [0x00000000d7f80000,0x00000000d7f80000,0x00000000d8480000)
 ParOldGen       total 87552K, used 997K [0x0000000080e00000, 0x0000000086380000, 0x00000000d5a00000)
  object space 87552K, 1% used [0x0000000080e00000,0x0000000080ef9780,0x0000000086380000)
 Metaspace       used 6849K, capacity 7086K, committed 7296K, reserved 1056768K
  class space    used 795K, capacity 862K, committed 896K, reserved 1048576K
}
Event: 7207.495 GC heap before
{Heap before GC invocations=6 (full 3):
 PSYoungGen      total 38400K, used 128K [0x00000000d5a00000, 0x00000000d8480000, 0x0000000100000000)
  eden space 33280K, 0% used [0x00000000d5a00000,0x00000000d5a00000,0x00000000d7a80000)
  from space 5120K, 2% used [0x00000000d7a80000,0x00000000d7aa0000,0x00000000d7f80000)
  to   space 5120K, 0% used [0x00000000d7f80000,0x00000000d7f80000,0x00000000d8480000)
 ParOldGen       total 87552K, used 997K [0x0000000080e00000, 0x0000000086380000, 0x00000000d5a00000)
  object space 87552K, 1% used [0x0000000080e00000,0x0000000080ef9780,0x0000000086380000)
 Metaspace       used 6849K, capacity 7086K, committed 7296K, reserved 1056768K
  class space    used 795K, capacity 862K, committed 896K, reserved 1048576K
Event: 7207.508 GC heap after
Heap after GC invocations=6 (full 3):
 PSYoungGen      total 38400K, used 0K [0x00000000d5a00000, 0x00000000d8480000, 0x0000000100000000)
  eden space 33280K, 0% used [0x00000000d5a00000,0x00000000d5a00000,0x00000000d7a80000)
  from space 5120K, 0% used [0x00000000d7a80000,0x00000000d7a80000,0x00000000d7f80000)
  to   space 5120K, 0% used [0x00000000d7f80000,0x00000000d7f80000,0x00000000d8480000)
 ParOldGen       total 87552K, used 989K [0x0000000080e00000, 0x0000000086380000, 0x00000000d5a00000)
  object space 87552K, 1% used [0x0000000080e00000,0x0000000080ef7718,0x0000000086380000)
 Metaspace       used 6837K, capacity 7068K, committed 7296K, reserved 1056768K
  class space    used 794K, capacity 859K, committed 896K, reserved 1048576K
}

