# JRE version: Java(TM) SE Runtime Environment (8.0_161-b12) (build 1.8.0_161-b12)
# Java VM: Java HotSpot(TM) 64-Bit Server VM (25.161-b12 mixed mode windows-amd64 compressed oops)
Heap:
 PSYoungGen      total 393728K, used 165050K [0x00000000d5a00000, 0x00000000f4180000, 0x0000000100000000)
  eden space 365568K, 37% used [0x00000000d5a00000,0x00000000ddfb0ec0,0x00000000ebf00000)
  from space 28160K, 99% used [0x00000000ebf00000,0x00000000eda7dc40,0x00000000eda80000)
  to   space 39936K, 0% used [0x00000000f1a80000,0x00000000f1a80000,0x00000000f4180000)
 ParOldGen       total 153088K, used 102362K [0x0000000080e00000, 0x000000008a380000, 0x00000000d5a00000)
  object space 153088K, 66% used [0x0000000080e00000,0x00000000871f6be0,0x000000008a380000)
 Metaspace       used 24734K, capacity 25080K, committed 25216K, reserved 1071104K
  class space    used 3332K, capacity 3439K, committed 3456K, reserved 1048576K
GC Heap History (10 events):
Event: 248.500 GC heap before
{Heap before GC invocations=18 (full 2):
 PSYoungGen      total 212992K, used 200900K [0x00000000d5a00000, 0x00000000e8c00000, 0x0000000100000000)
  eden space 196096K, 100% used [0x00000000d5a00000,0x00000000e1980000,0x00000000e1980000)
  from space 16896K, 28% used [0x00000000e1980000,0x00000000e1e313a0,0x00000000e2a00000)
  to   space 15872K, 0% used [0x00000000e7c80000,0x00000000e7c80000,0x00000000e8c00000)
 ParOldGen       total 75776K, used 36815K [0x0000000080e00000, 0x0000000085800000, 0x00000000d5a00000)
  object space 75776K, 48% used [0x0000000080e00000,0x00000000831f3f48,0x0000000085800000)
 Metaspace       used 24319K, capacity 24696K, committed 24960K, reserved 1071104K
  class space    used 3331K, capacity 3439K, committed 3456K, reserved 1048576K
Event: 248.551 GC heap after
Heap after GC invocations=18 (full 2):
 PSYoungGen      total 290304K, used 15868K [0x00000000d5a00000, 0x00000000e9100000, 0x0000000100000000)
  eden space 274432K, 0% used [0x00000000d5a00000,0x00000000d5a00000,0x00000000e6600000)
  from space 15872K, 99% used [0x00000000e7c80000,0x00000000e8bff0b0,0x00000000e8c00000)
  to   space 22016K, 0% used [0x00000000e6600000,0x00000000e6600000,0x00000000e7b80000)
 ParOldGen       total 75776K, used 45916K [0x0000000080e00000, 0x0000000085800000, 0x00000000d5a00000)
  object space 75776K, 60% used [0x0000000080e00000,0x0000000083ad7228,0x0000000085800000)
 Metaspace       used 24319K, capacity 24696K, committed 24960K, reserved 1071104K
  class space    used 3331K, capacity 3439K, committed 3456K, reserved 1048576K
}
Event: 266.648 GC heap before
{Heap before GC invocations=19 (full 2):
 PSYoungGen      total 290304K, used 290300K [0x00000000d5a00000, 0x00000000e9100000, 0x0000000100000000)
  eden space 274432K, 100% used [0x00000000d5a00000,0x00000000e6600000,0x00000000e6600000)
  from space 15872K, 99% used [0x00000000e7c80000,0x00000000e8bff0b0,0x00000000e8c00000)
  to   space 22016K, 0% used [0x00000000e6600000,0x00000000e6600000,0x00000000e7b80000)
 ParOldGen       total 75776K, used 45916K [0x0000000080e00000, 0x0000000085800000, 0x00000000d5a00000)
  object space 75776K, 60% used [0x0000000080e00000,0x0000000083ad7228,0x0000000085800000)
 Metaspace       used 24730K, capacity 25080K, committed 25216K, reserved 1071104K
  class space    used 3332K, capacity 3439K, committed 3456K, reserved 1048576K
Event: 266.687 GC heap after
Heap after GC invocations=19 (full 2):
 PSYoungGen      total 296448K, used 20717K [0x00000000d5a00000, 0x00000000ef980000, 0x0000000100000000)
  eden space 274432K, 0% used [0x00000000d5a00000,0x00000000d5a00000,0x00000000e6600000)
  from space 22016K, 94% used [0x00000000e6600000,0x00000000e7a3b760,0x00000000e7b80000)
  to   space 25088K, 0% used [0x00000000ee100000,0x00000000ee100000,0x00000000ef980000)
 ParOldGen       total 75776K, used 62594K [0x0000000080e00000, 0x0000000085800000, 0x00000000d5a00000)
  object space 75776K, 82% used [0x0000000080e00000,0x0000000084b20940,0x0000000085800000)
 Metaspace       used 24730K, capacity 25080K, committed 25216K, reserved 1071104K
  class space    used 3332K, capacity 3439K, committed 3456K, reserved 1048576K
}
Event: 285.290 GC heap before
{Heap before GC invocations=20 (full 2):
 PSYoungGen      total 296448K, used 295149K [0x00000000d5a00000, 0x00000000ef980000, 0x0000000100000000)
  eden space 274432K, 100% used [0x00000000d5a00000,0x00000000e6600000,0x00000000e6600000)
  from space 22016K, 94% used [0x00000000e6600000,0x00000000e7a3b760,0x00000000e7b80000)
  to   space 25088K, 0% used [0x00000000ee100000,0x00000000ee100000,0x00000000ef980000)
 ParOldGen       total 75776K, used 62594K [0x0000000080e00000, 0x0000000085800000, 0x00000000d5a00000)
  object space 75776K, 82% used [0x0000000080e00000,0x0000000084b20940,0x0000000085800000)
 Metaspace       used 24733K, capacity 25080K, committed 25216K, reserved 1071104K
  class space    used 3332K, capacity 3439K, committed 3456K, reserved 1048576K
Event: 285.332 GC heap after
Heap after GC invocations=20 (full 2):
 PSYoungGen      total 357376K, used 21476K [0x00000000d5a00000, 0x00000000ef600000, 0x0000000100000000)
  eden space 335872K, 0% used [0x00000000d5a00000,0x00000000d5a00000,0x00000000ea200000)
  from space 21504K, 99% used [0x00000000ee100000,0x00000000ef5f92f0,0x00000000ef600000)
  to   space 28160K, 0% used [0x00000000ebf00000,0x00000000ebf00000,0x00000000eda80000)
 ParOldGen       total 83456K, used 83255K [0x0000000080e00000, 0x0000000085f80000, 0x00000000d5a00000)
  object space 83456K, 99% used [0x0000000080e00000,0x0000000085f4dc98,0x0000000085f80000)
 Metaspace       used 24733K, capacity 25080K, committed 25216K, reserved 1071104K
  class space    used 3332K, capacity 3439K, committed 3456K, reserved 1048576K
}
Event: 285.332 GC heap before
{Heap before GC invocations=21 (full 3):
 PSYoungGen      total 357376K, used 21476K [0x00000000d5a00000, 0x00000000ef600000, 0x0000000100000000)
  eden space 335872K, 0% used [0x00000000d5a00000,0x00000000d5a00000,0x00000000ea200000)
  from space 21504K, 99% used [0x00000000ee100000,0x00000000ef5f92f0,0x00000000ef600000)
  to   space 28160K, 0% used [0x00000000ebf00000,0x00000000ebf00000,0x00000000eda80000)
 ParOldGen       total 83456K, used 83255K [0x0000000080e00000, 0x0000000085f80000, 0x00000000d5a00000)
  object space 83456K, 99% used [0x0000000080e00000,0x0000000085f4dc98,0x0000000085f80000)
 Metaspace       used 24733K, capacity 25080K, committed 25216K, reserved 1071104K
  class space    used 3332K, capacity 3439K, committed 3456K, reserved 1048576K
Event: 285.655 GC heap after
Heap after GC invocations=21 (full 3):
 PSYoungGen      total 357376K, used 19298K [0x00000000d5a00000, 0x00000000ef600000, 0x0000000100000000)
  eden space 335872K, 0% used [0x00000000d5a00000,0x00000000d5a00000,0x00000000ea200000)
  from space 21504K, 89% used [0x00000000ee100000,0x00000000ef3d8a10,0x00000000ef600000)
  to   space 28160K, 0% used [0x00000000ebf00000,0x00000000ebf00000,0x00000000eda80000)
 ParOldGen       total 153088K, used 82953K [0x0000000080e00000, 0x000000008a380000, 0x00000000d5a00000)
  object space 153088K, 54% used [0x0000000080e00000,0x0000000085f02478,0x000000008a380000)
 Metaspace       used 24733K, capacity 25080K, committed 25216K, reserved 1071104K
  class space    used 3332K, capacity 3439K, committed 3456K, reserved 1048576K
}
Event: 419.001 GC heap before
{Heap before GC invocations=22 (full 3):
 PSYoungGen      total 357376K, used 355170K [0x00000000d5a00000, 0x00000000ef600000, 0x0000000100000000)
  eden space 335872K, 100% used [0x00000000d5a00000,0x00000000ea200000,0x00000000ea200000)
  from space 21504K, 89% used [0x00000000ee100000,0x00000000ef3d8a10,0x00000000ef600000)
  to   space 28160K, 0% used [0x00000000ebf00000,0x00000000ebf00000,0x00000000eda80000)
 ParOldGen       total 153088K, used 82953K [0x0000000080e00000, 0x000000008a380000, 0x00000000d5a00000)
  object space 153088K, 54% used [0x0000000080e00000,0x0000000085f02478,0x000000008a380000)
 Metaspace       used 24734K, capacity 25080K, committed 25216K, reserved 1071104K
  class space    used 3332K, capacity 3439K, committed 3456K, reserved 1048576K
Event: 419.059 GC heap after
Heap after GC invocations=22 (full 3):
 PSYoungGen      total 393728K, used 28151K [0x00000000d5a00000, 0x00000000f4180000, 0x0000000100000000)
  eden space 365568K, 0% used [0x00000000d5a00000,0x00000000d5a00000,0x00000000ebf00000)
  from space 28160K, 99% used [0x00000000ebf00000,0x00000000eda7dc40,0x00000000eda80000)
  to   space 39936K, 0% used [0x00000000f1a80000,0x00000000f1a80000,0x00000000f4180000)
 ParOldGen       total 153088K, used 102362K [0x0000000080e00000, 0x000000008a380000, 0x00000000d5a00000)
  object space 153088K, 66% used [0x0000000080e00000,0x00000000871f6be0,0x000000008a380000)
 Metaspace       used 24734K, capacity 25080K, committed 25216K, reserved 1071104K
  class space    used 3332K, capacity 3439K, committed 3456K, reserved 1048576K
}

