# JRE version: Java(TM) SE Runtime Environment (8.0_161-b12) (build 1.8.0_161-b12)
# Java VM: Java HotSpot(TM) 64-Bit Server VM (25.161-b12 mixed mode windows-amd64 compressed oops)
Heap:
 PSYoungGen      total 505856K, used 18178K [0x00000000d5a00000, 0x00000000fbd80000, 0x0000000100000000)
  eden space 462848K, 1% used [0x00000000d5a00000,0x00000000d62f9948,0x00000000f1e00000)
  from space 43008K, 20% used [0x00000000f1e00000,0x00000000f26c7040,0x00000000f4800000)
  to   space 48640K, 0% used [0x00000000f8e00000,0x00000000f8e00000,0x00000000fbd80000)
 ParOldGen       total 293376K, used 293262K [0x0000000080e00000, 0x0000000092c80000, 0x00000000d5a00000)
  object space 293376K, 99% used [0x0000000080e00000,0x0000000092c63848,0x0000000092c80000)
 Metaspace       used 25003K, capacity 25418K, committed 25600K, reserved 1071104K
  class space    used 3348K, capacity 3470K, committed 3584K, reserved 1048576K
GC Heap History (10 events):
Event: 177.503 GC heap before
{Heap before GC invocations=22 (full 4):
 PSYoungGen      total 479744K, used 32523K [0x00000000d5a00000, 0x00000000f7200000, 0x0000000100000000)
  eden space 446976K, 0% used [0x00000000d5a00000,0x00000000d5a00000,0x00000000f0e80000)
  from space 32768K, 99% used [0x00000000f5200000,0x00000000f71c2f50,0x00000000f7200000)
  to   space 43008K, 0% used [0x00000000f1e00000,0x00000000f1e00000,0x00000000f4800000)
 ParOldGen       total 169472K, used 151802K [0x0000000080e00000, 0x000000008b380000, 0x00000000d5a00000)
  object space 169472K, 89% used [0x0000000080e00000,0x000000008a23e910,0x000000008b380000)
 Metaspace       used 25003K, capacity 25418K, committed 25600K, reserved 1071104K
  class space    used 3348K, capacity 3470K, committed 3584K, reserved 1048576K
Event: 177.986 GC heap after
Heap after GC invocations=22 (full 4):
 PSYoungGen      total 479744K, used 12958K [0x00000000d5a00000, 0x00000000f7200000, 0x0000000100000000)
  eden space 446976K, 0% used [0x00000000d5a00000,0x00000000d5a00000,0x00000000f0e80000)
  from space 32768K, 39% used [0x00000000f5200000,0x00000000f5ea7978,0x00000000f7200000)
  to   space 43008K, 0% used [0x00000000f1e00000,0x00000000f1e00000,0x00000000f4800000)
 ParOldGen       total 293376K, used 169235K [0x0000000080e00000, 0x0000000092c80000, 0x00000000d5a00000)
  object space 293376K, 57% used [0x0000000080e00000,0x000000008b344ec0,0x0000000092c80000)
 Metaspace       used 25003K, capacity 25418K, committed 25600K, reserved 1071104K
  class space    used 3348K, capacity 3470K, committed 3584K, reserved 1048576K
}
Event: 185.998 GC heap before
{Heap before GC invocations=23 (full 4):
 PSYoungGen      total 479744K, used 459934K [0x00000000d5a00000, 0x00000000f7200000, 0x0000000100000000)
  eden space 446976K, 100% used [0x00000000d5a00000,0x00000000f0e80000,0x00000000f0e80000)
  from space 32768K, 39% used [0x00000000f5200000,0x00000000f5ea7978,0x00000000f7200000)
  to   space 43008K, 0% used [0x00000000f1e00000,0x00000000f1e00000,0x00000000f4800000)
 ParOldGen       total 293376K, used 169235K [0x0000000080e00000, 0x0000000092c80000, 0x00000000d5a00000)
  object space 293376K, 57% used [0x0000000080e00000,0x000000008b344ec0,0x0000000092c80000)
 Metaspace       used 25003K, capacity 25418K, committed 25600K, reserved 1071104K
  class space    used 3348K, capacity 3470K, committed 3584K, reserved 1048576K
Event: 186.083 GC heap after
Heap after GC invocations=23 (full 4):
 PSYoungGen      total 505856K, used 39232K [0x00000000d5a00000, 0x00000000fbd80000, 0x0000000100000000)
  eden space 462848K, 0% used [0x00000000d5a00000,0x00000000d5a00000,0x00000000f1e00000)
  from space 43008K, 91% used [0x00000000f1e00000,0x00000000f4450000,0x00000000f4800000)
  to   space 48640K, 0% used [0x00000000f8e00000,0x00000000f8e00000,0x00000000fbd80000)
 ParOldGen       total 293376K, used 182403K [0x0000000080e00000, 0x0000000092c80000, 0x00000000d5a00000)
  object space 293376K, 62% used [0x0000000080e00000,0x000000008c020ec0,0x0000000092c80000)
 Metaspace       used 25003K, capacity 25418K, committed 25600K, reserved 1071104K
  class space    used 3348K, capacity 3470K, committed 3584K, reserved 1048576K
}
Event: 194.001 GC heap before
{Heap before GC invocations=24 (full 4):
 PSYoungGen      total 505856K, used 502080K [0x00000000d5a00000, 0x00000000fbd80000, 0x0000000100000000)
  eden space 462848K, 100% used [0x00000000d5a00000,0x00000000f1e00000,0x00000000f1e00000)
  from space 43008K, 91% used [0x00000000f1e00000,0x00000000f4450000,0x00000000f4800000)
  to   space 48640K, 0% used [0x00000000f8e00000,0x00000000f8e00000,0x00000000fbd80000)
 ParOldGen       total 293376K, used 182403K [0x0000000080e00000, 0x0000000092c80000, 0x00000000d5a00000)
  object space 293376K, 62% used [0x0000000080e00000,0x000000008c020ec0,0x0000000092c80000)
 Metaspace       used 25003K, capacity 25418K, committed 25600K, reserved 1071104K
  class space    used 3348K, capacity 3470K, committed 3584K, reserved 1048576K
Event: 194.091 GC heap after
Heap after GC invocations=24 (full 4):
 PSYoungGen      total 511488K, used 48609K [0x00000000d5a00000, 0x00000000fbd80000, 0x0000000100000000)
  eden space 462848K, 0% used [0x00000000d5a00000,0x00000000d5a00000,0x00000000f1e00000)
  from space 48640K, 99% used [0x00000000f8e00000,0x00000000fbd786d0,0x00000000fbd80000)
  to   space 43008K, 0% used [0x00000000f1e00000,0x00000000f1e00000,0x00000000f4800000)
 ParOldGen       total 293376K, used 214523K [0x0000000080e00000, 0x0000000092c80000, 0x00000000d5a00000)
  object space 293376K, 73% used [0x0000000080e00000,0x000000008df7eec0,0x0000000092c80000)
 Metaspace       used 25003K, capacity 25418K, committed 25600K, reserved 1071104K
  class space    used 3348K, capacity 3470K, committed 3584K, reserved 1048576K
}
Event: 202.458 GC heap before
{Heap before GC invocations=25 (full 4):
 PSYoungGen      total 511488K, used 511457K [0x00000000d5a00000, 0x00000000fbd80000, 0x0000000100000000)
  eden space 462848K, 100% used [0x00000000d5a00000,0x00000000f1e00000,0x00000000f1e00000)
  from space 48640K, 99% used [0x00000000f8e00000,0x00000000fbd786d0,0x00000000fbd80000)
  to   space 43008K, 0% used [0x00000000f1e00000,0x00000000f1e00000,0x00000000f4800000)
 ParOldGen       total 293376K, used 214523K [0x0000000080e00000, 0x0000000092c80000, 0x00000000d5a00000)
  object space 293376K, 73% used [0x0000000080e00000,0x000000008df7eec0,0x0000000092c80000)
 Metaspace       used 25003K, capacity 25418K, committed 25600K, reserved 1071104K
  class space    used 3348K, capacity 3470K, committed 3584K, reserved 1048576K
Event: 202.526 GC heap after
Heap after GC invocations=25 (full 4):
 PSYoungGen      total 505856K, used 40832K [0x00000000d5a00000, 0x00000000fbd80000, 0x0000000100000000)
  eden space 462848K, 0% used [0x00000000d5a00000,0x00000000d5a00000,0x00000000f1e00000)
  from space 43008K, 94% used [0x00000000f1e00000,0x00000000f45e0000,0x00000000f4800000)
  to   space 48640K, 0% used [0x00000000f8e00000,0x00000000f8e00000,0x00000000fbd80000)
 ParOldGen       total 293376K, used 263695K [0x0000000080e00000, 0x0000000092c80000, 0x00000000d5a00000)
  object space 293376K, 89% used [0x0000000080e00000,0x0000000090f83da0,0x0000000092c80000)
 Metaspace       used 25003K, capacity 25418K, committed 25600K, reserved 1071104K
  class space    used 3348K, capacity 3470K, committed 3584K, reserved 1048576K
}
Event: 202.526 GC heap before
{Heap before GC invocations=26 (full 5):
 PSYoungGen      total 505856K, used 40832K [0x00000000d5a00000, 0x00000000fbd80000, 0x0000000100000000)
  eden space 462848K, 0% used [0x00000000d5a00000,0x00000000d5a00000,0x00000000f1e00000)
  from space 43008K, 94% used [0x00000000f1e00000,0x00000000f45e0000,0x00000000f4800000)
  to   space 48640K, 0% used [0x00000000f8e00000,0x00000000f8e00000,0x00000000fbd80000)
 ParOldGen       total 293376K, used 263695K [0x0000000080e00000, 0x0000000092c80000, 0x00000000d5a00000)
  object space 293376K, 89% used [0x0000000080e00000,0x0000000090f83da0,0x0000000092c80000)
 Metaspace       used 25003K, capacity 25418K, committed 25600K, reserved 1071104K
  class space    used 3348K, capacity 3470K, committed 3584K, reserved 1048576K
Event: 202.938 GC heap after
Heap after GC invocations=26 (full 5):
 PSYoungGen      total 505856K, used 8988K [0x00000000d5a00000, 0x00000000fbd80000, 0x0000000100000000)
  eden space 462848K, 0% used [0x00000000d5a00000,0x00000000d5a00000,0x00000000f1e00000)
  from space 43008K, 20% used [0x00000000f1e00000,0x00000000f26c7040,0x00000000f4800000)
  to   space 48640K, 0% used [0x00000000f8e00000,0x00000000f8e00000,0x00000000fbd80000)
 ParOldGen       total 293376K, used 293262K [0x0000000080e00000, 0x0000000092c80000, 0x00000000d5a00000)
  object space 293376K, 99% used [0x0000000080e00000,0x0000000092c63848,0x0000000092c80000)
 Metaspace       used 25003K, capacity 25418K, committed 25600K, reserved 1071104K
  class space    used 3348K, capacity 3470K, committed 3584K, reserved 1048576K
}

