# JRE version: Java(TM) SE Runtime Environment (8.0_161-b12) (build 1.8.0_161-b12)
# Java VM: Java HotSpot(TM) 64-Bit Server VM (25.161-b12 mixed mode windows-amd64 compressed oops)
Heap:
 PSYoungGen      total 217600K, used 107020K [0x00000000d5a00000, 0x00000000e5880000, 0x0000000100000000)
  eden space 189952K, 41% used [0x00000000d5a00000,0x00000000da786618,0x00000000e1380000)
  from space 27648K, 99% used [0x00000000e1a80000,0x00000000e357ca50,0x00000000e3580000)
  to   space 35328K, 0% used [0x00000000e3600000,0x00000000e3600000,0x00000000e5880000)
 ParOldGen       total 168448K, used 115705K [0x0000000080e00000, 0x000000008b280000, 0x00000000d5a00000)
  object space 168448K, 68% used [0x0000000080e00000,0x0000000087efe7b8,0x000000008b280000)
 Metaspace       used 24900K, capacity 25296K, committed 25600K, reserved 1071104K
  class space    used 3347K, capacity 3471K, committed 3584K, reserved 1048576K
GC Heap History (10 events):
Event: 271.445 GC heap before
{Heap before GC invocations=24 (full 2):
 PSYoungGen      total 198656K, used 195465K [0x00000000d5a00000, 0x00000000e5700000, 0x0000000100000000)
  eden space 179712K, 100% used [0x00000000d5a00000,0x00000000e0980000,0x00000000e0980000)
  from space 18944K, 83% used [0x00000000e0980000,0x00000000e18e2500,0x00000000e1c00000)
  to   space 21504K, 0% used [0x00000000e4200000,0x00000000e4200000,0x00000000e5700000)
 ParOldGen       total 85504K, used 62459K [0x0000000080e00000, 0x0000000086180000, 0x00000000d5a00000)
  object space 85504K, 73% used [0x0000000080e00000,0x0000000084afecc0,0x0000000086180000)
 Metaspace       used 24895K, capacity 25296K, committed 25600K, reserved 1071104K
  class space    used 3347K, capacity 3471K, committed 3584K, reserved 1048576K
Event: 271.482 GC heap after
Heap after GC invocations=24 (full 2):
 PSYoungGen      total 230400K, used 13229K [0x00000000d5a00000, 0x00000000e5400000, 0x0000000100000000)
  eden space 211968K, 0% used [0x00000000d5a00000,0x00000000d5a00000,0x00000000e2900000)
  from space 18432K, 71% used [0x00000000e4200000,0x00000000e4eeb760,0x00000000e5400000)
  to   space 22016K, 0% used [0x00000000e2900000,0x00000000e2900000,0x00000000e3e80000)
 ParOldGen       total 85504K, used 78136K [0x0000000080e00000, 0x0000000086180000, 0x00000000d5a00000)
  object space 85504K, 91% used [0x0000000080e00000,0x0000000085a4e018,0x0000000086180000)
 Metaspace       used 24895K, capacity 25296K, committed 25600K, reserved 1071104K
  class space    used 3347K, capacity 3471K, committed 3584K, reserved 1048576K
}
Event: 271.482 GC heap before
{Heap before GC invocations=25 (full 3):
 PSYoungGen      total 230400K, used 13229K [0x00000000d5a00000, 0x00000000e5400000, 0x0000000100000000)
  eden space 211968K, 0% used [0x00000000d5a00000,0x00000000d5a00000,0x00000000e2900000)
  from space 18432K, 71% used [0x00000000e4200000,0x00000000e4eeb760,0x00000000e5400000)
  to   space 22016K, 0% used [0x00000000e2900000,0x00000000e2900000,0x00000000e3e80000)
 ParOldGen       total 85504K, used 78136K [0x0000000080e00000, 0x0000000086180000, 0x00000000d5a00000)
  object space 85504K, 91% used [0x0000000080e00000,0x0000000085a4e018,0x0000000086180000)
 Metaspace       used 24895K, capacity 25296K, committed 25600K, reserved 1071104K
  class space    used 3347K, capacity 3471K, committed 3584K, reserved 1048576K
Event: 271.743 GC heap after
Heap after GC invocations=25 (full 3):
 PSYoungGen      total 230400K, used 4411K [0x00000000d5a00000, 0x00000000e5400000, 0x0000000100000000)
  eden space 211968K, 0% used [0x00000000d5a00000,0x00000000d5a00000,0x00000000e2900000)
  from space 18432K, 23% used [0x00000000e4200000,0x00000000e464ed70,0x00000000e5400000)
  to   space 22016K, 0% used [0x00000000e2900000,0x00000000e2900000,0x00000000e3e80000)
 ParOldGen       total 168448K, used 85182K [0x0000000080e00000, 0x000000008b280000, 0x00000000d5a00000)
  object space 168448K, 50% used [0x0000000080e00000,0x000000008612fa58,0x000000008b280000)
 Metaspace       used 24895K, capacity 25296K, committed 25600K, reserved 1071104K
  class space    used 3347K, capacity 3471K, committed 3584K, reserved 1048576K
}
Event: 281.550 GC heap before
{Heap before GC invocations=26 (full 3):
 PSYoungGen      total 230400K, used 216379K [0x00000000d5a00000, 0x00000000e5400000, 0x0000000100000000)
  eden space 211968K, 100% used [0x00000000d5a00000,0x00000000e2900000,0x00000000e2900000)
  from space 18432K, 23% used [0x00000000e4200000,0x00000000e464ed70,0x00000000e5400000)
  to   space 22016K, 0% used [0x00000000e2900000,0x00000000e2900000,0x00000000e3e80000)
 ParOldGen       total 168448K, used 85182K [0x0000000080e00000, 0x000000008b280000, 0x00000000d5a00000)
  object space 168448K, 50% used [0x0000000080e00000,0x000000008612fa58,0x000000008b280000)
 Metaspace       used 24897K, capacity 25296K, committed 25600K, reserved 1071104K
  class space    used 3347K, capacity 3471K, committed 3584K, reserved 1048576K
Event: 281.571 GC heap after
Heap after GC invocations=26 (full 3):
 PSYoungGen      total 226304K, used 21988K [0x00000000d5a00000, 0x00000000e5480000, 0x0000000100000000)
  eden space 204288K, 0% used [0x00000000d5a00000,0x00000000d5a00000,0x00000000e2180000)
  from space 22016K, 99% used [0x00000000e2900000,0x00000000e3e792e0,0x00000000e3e80000)
  to   space 22528K, 0% used [0x00000000e3e80000,0x00000000e3e80000,0x00000000e5480000)
 ParOldGen       total 168448K, used 85798K [0x0000000080e00000, 0x000000008b280000, 0x00000000d5a00000)
  object space 168448K, 50% used [0x0000000080e00000,0x00000000861c9a58,0x000000008b280000)
 Metaspace       used 24897K, capacity 25296K, committed 25600K, reserved 1071104K
  class space    used 3347K, capacity 3471K, committed 3584K, reserved 1048576K
}
Event: 410.493 GC heap before
{Heap before GC invocations=27 (full 3):
 PSYoungGen      total 226304K, used 226276K [0x00000000d5a00000, 0x00000000e5480000, 0x0000000100000000)
  eden space 204288K, 100% used [0x00000000d5a00000,0x00000000e2180000,0x00000000e2180000)
  from space 22016K, 99% used [0x00000000e2900000,0x00000000e3e792e0,0x00000000e3e80000)
  to   space 22528K, 0% used [0x00000000e3e80000,0x00000000e3e80000,0x00000000e5480000)
 ParOldGen       total 168448K, used 85798K [0x0000000080e00000, 0x000000008b280000, 0x00000000d5a00000)
  object space 168448K, 50% used [0x0000000080e00000,0x00000000861c9a58,0x000000008b280000)
 Metaspace       used 24900K, capacity 25296K, committed 25600K, reserved 1071104K
  class space    used 3347K, capacity 3471K, committed 3584K, reserved 1048576K
Event: 410.527 GC heap after
Heap after GC invocations=27 (full 3):
 PSYoungGen      total 215552K, used 18199K [0x00000000d5a00000, 0x00000000e5080000, 0x0000000100000000)
  eden space 197120K, 0% used [0x00000000d5a00000,0x00000000d5a00000,0x00000000e1a80000)
  from space 18432K, 98% used [0x00000000e3e80000,0x00000000e5045c40,0x00000000e5080000)
  to   space 27648K, 0% used [0x00000000e1a80000,0x00000000e1a80000,0x00000000e3580000)
 ParOldGen       total 168448K, used 107841K [0x0000000080e00000, 0x000000008b280000, 0x00000000d5a00000)
  object space 168448K, 64% used [0x0000000080e00000,0x00000000877507b8,0x000000008b280000)
 Metaspace       used 24900K, capacity 25296K, committed 25600K, reserved 1071104K
  class space    used 3347K, capacity 3471K, committed 3584K, reserved 1048576K
}
Event: 415.893 GC heap before
{Heap before GC invocations=28 (full 3):
 PSYoungGen      total 215552K, used 215318K [0x00000000d5a00000, 0x00000000e5080000, 0x0000000100000000)
  eden space 197120K, 99% used [0x00000000d5a00000,0x00000000e1a7fde0,0x00000000e1a80000)
  from space 18432K, 98% used [0x00000000e3e80000,0x00000000e5045c40,0x00000000e5080000)
  to   space 27648K, 0% used [0x00000000e1a80000,0x00000000e1a80000,0x00000000e3580000)
 ParOldGen       total 168448K, used 107841K [0x0000000080e00000, 0x000000008b280000, 0x00000000d5a00000)
  object space 168448K, 64% used [0x0000000080e00000,0x00000000877507b8,0x000000008b280000)
 Metaspace       used 24900K, capacity 25296K, committed 25600K, reserved 1071104K
  class space    used 3347K, capacity 3471K, committed 3584K, reserved 1048576K
Event: 415.923 GC heap after
Heap after GC invocations=28 (full 3):
 PSYoungGen      total 217600K, used 27634K [0x00000000d5a00000, 0x00000000e5880000, 0x0000000100000000)
  eden space 189952K, 0% used [0x00000000d5a00000,0x00000000d5a00000,0x00000000e1380000)
  from space 27648K, 99% used [0x00000000e1a80000,0x00000000e357ca50,0x00000000e3580000)
  to   space 35328K, 0% used [0x00000000e3600000,0x00000000e3600000,0x00000000e5880000)
 ParOldGen       total 168448K, used 115705K [0x0000000080e00000, 0x000000008b280000, 0x00000000d5a00000)
  object space 168448K, 68% used [0x0000000080e00000,0x0000000087efe7b8,0x000000008b280000)
 Metaspace       used 24900K, capacity 25296K, committed 25600K, reserved 1071104K
  class space    used 3347K, capacity 3471K, committed 3584K, reserved 1048576K
}

