# JRE version: Java(TM) SE Runtime Environment (8.0_161-b12) (build 1.8.0_161-b12)
# Java VM: Java HotSpot(TM) 64-Bit Server VM (25.161-b12 mixed mode windows-amd64 compressed oops)
Heap:
 PSYoungGen      total 308736K, used 46082K [0x00000000d5a00000, 0x00000000ead00000, 0x0000000100000000)
  eden space 281600K, 9% used [0x00000000d5a00000,0x00000000d7390938,0x00000000e6d00000)
  from space 27136K, 73% used [0x00000000e9280000,0x00000000ea5f0000,0x00000000ead00000)
  to   space 32768K, 0% used [0x00000000e6d00000,0x00000000e6d00000,0x00000000e8d00000)
 ParOldGen       total 284160K, used 209291K [0x0000000080e00000, 0x0000000092380000, 0x00000000d5a00000)
  object space 284160K, 73% used [0x0000000080e00000,0x000000008da62f50,0x0000000092380000)
 Metaspace       used 24806K, capacity 25212K, committed 25472K, reserved 1071104K
  class space    used 3336K, capacity 3439K, committed 3456K, reserved 1048576K
GC Heap History (10 events):
Event: 319.301 GC heap before
{Heap before GC invocations=34 (full 3):
 PSYoungGen      total 240128K, used 222496K [0x00000000d5a00000, 0x00000000e6500000, 0x0000000100000000)
  eden space 207872K, 100% used [0x00000000d5a00000,0x00000000e2500000,0x00000000e2500000)
  from space 32256K, 45% used [0x00000000e4380000,0x00000000e51c8000,0x00000000e6300000)
  to   space 31232K, 0% used [0x00000000e2500000,0x00000000e2500000,0x00000000e4380000)
 ParOldGen       total 172032K, used 141134K [0x0000000080e00000, 0x000000008b600000, 0x00000000d5a00000)
  object space 172032K, 82% used [0x0000000080e00000,0x00000000897d3b90,0x000000008b600000)
 Metaspace       used 24788K, capacity 25148K, committed 25216K, reserved 1071104K
  class space    used 3336K, capacity 3439K, committed 3456K, reserved 1048576K
Event: 319.329 GC heap after
Heap after GC invocations=34 (full 3):
 PSYoungGen      total 239104K, used 16768K [0x00000000d5a00000, 0x00000000e8600000, 0x0000000100000000)
  eden space 207872K, 0% used [0x00000000d5a00000,0x00000000d5a00000,0x00000000e2500000)
  from space 31232K, 53% used [0x00000000e2500000,0x00000000e3560000,0x00000000e4380000)
  to   space 31232K, 0% used [0x00000000e6780000,0x00000000e6780000,0x00000000e8600000)
 ParOldGen       total 172032K, used 155838K [0x0000000080e00000, 0x000000008b600000, 0x00000000d5a00000)
  object space 172032K, 90% used [0x0000000080e00000,0x000000008a62fbb0,0x000000008b600000)
 Metaspace       used 24788K, capacity 25148K, committed 25216K, reserved 1071104K
  class space    used 3336K, capacity 3439K, committed 3456K, reserved 1048576K
}
Event: 319.329 GC heap before
{Heap before GC invocations=35 (full 4):
 PSYoungGen      total 239104K, used 16768K [0x00000000d5a00000, 0x00000000e8600000, 0x0000000100000000)
  eden space 207872K, 0% used [0x00000000d5a00000,0x00000000d5a00000,0x00000000e2500000)
  from space 31232K, 53% used [0x00000000e2500000,0x00000000e3560000,0x00000000e4380000)
  to   space 31232K, 0% used [0x00000000e6780000,0x00000000e6780000,0x00000000e8600000)
 ParOldGen       total 172032K, used 155838K [0x0000000080e00000, 0x000000008b600000, 0x00000000d5a00000)
  object space 172032K, 90% used [0x0000000080e00000,0x000000008a62fbb0,0x000000008b600000)
 Metaspace       used 24788K, capacity 25148K, committed 25216K, reserved 1071104K
  class space    used 3336K, capacity 3439K, committed 3456K, reserved 1048576K
Event: 319.568 GC heap after
Heap after GC invocations=35 (full 4):
 PSYoungGen      total 239104K, used 0K [0x00000000d5a00000, 0x00000000e8600000, 0x0000000100000000)
  eden space 207872K, 0% used [0x00000000d5a00000,0x00000000d5a00000,0x00000000e2500000)
  from space 31232K, 0% used [0x00000000e2500000,0x00000000e2500000,0x00000000e4380000)
  to   space 31232K, 0% used [0x00000000e6780000,0x00000000e6780000,0x00000000e8600000)
 ParOldGen       total 284160K, used 170782K [0x0000000080e00000, 0x0000000092380000, 0x00000000d5a00000)
  object space 284160K, 60% used [0x0000000080e00000,0x000000008b4c7af0,0x0000000092380000)
 Metaspace       used 24788K, capacity 25148K, committed 25216K, reserved 1071104K
  class space    used 3336K, capacity 3439K, committed 3456K, reserved 1048576K
}
Event: 323.270 GC heap before
{Heap before GC invocations=36 (full 4):
 PSYoungGen      total 239104K, used 207872K [0x00000000d5a00000, 0x00000000e8600000, 0x0000000100000000)
  eden space 207872K, 100% used [0x00000000d5a00000,0x00000000e2500000,0x00000000e2500000)
  from space 31232K, 0% used [0x00000000e2500000,0x00000000e2500000,0x00000000e4380000)
  to   space 31232K, 0% used [0x00000000e6780000,0x00000000e6780000,0x00000000e8600000)
 ParOldGen       total 284160K, used 170782K [0x0000000080e00000, 0x0000000092380000, 0x00000000d5a00000)
  object space 284160K, 60% used [0x0000000080e00000,0x000000008b4c7af0,0x0000000092380000)
 Metaspace       used 24806K, capacity 25212K, committed 25472K, reserved 1071104K
  class space    used 3336K, capacity 3439K, committed 3456K, reserved 1048576K
Event: 323.288 GC heap after
Heap after GC invocations=36 (full 4):
 PSYoungGen      total 275456K, used 18443K [0x00000000d5a00000, 0x00000000e8680000, 0x0000000100000000)
  eden space 244224K, 0% used [0x00000000d5a00000,0x00000000d5a00000,0x00000000e4880000)
  from space 31232K, 59% used [0x00000000e6780000,0x00000000e7982f50,0x00000000e8600000)
  to   space 31744K, 0% used [0x00000000e4880000,0x00000000e4880000,0x00000000e6780000)
 ParOldGen       total 284160K, used 170782K [0x0000000080e00000, 0x0000000092380000, 0x00000000d5a00000)
  object space 284160K, 60% used [0x0000000080e00000,0x000000008b4c7af0,0x0000000092380000)
 Metaspace       used 24806K, capacity 25212K, committed 25472K, reserved 1071104K
  class space    used 3336K, capacity 3439K, committed 3456K, reserved 1048576K
}
Event: 327.539 GC heap before
{Heap before GC invocations=37 (full 4):
 PSYoungGen      total 275456K, used 262667K [0x00000000d5a00000, 0x00000000e8680000, 0x0000000100000000)
  eden space 244224K, 100% used [0x00000000d5a00000,0x00000000e4880000,0x00000000e4880000)
  from space 31232K, 59% used [0x00000000e6780000,0x00000000e7982f50,0x00000000e8600000)
  to   space 31744K, 0% used [0x00000000e4880000,0x00000000e4880000,0x00000000e6780000)
 ParOldGen       total 284160K, used 170782K [0x0000000080e00000, 0x0000000092380000, 0x00000000d5a00000)
  object space 284160K, 60% used [0x0000000080e00000,0x000000008b4c7af0,0x0000000092380000)
 Metaspace       used 24806K, capacity 25212K, committed 25472K, reserved 1071104K
  class space    used 3336K, capacity 3439K, committed 3456K, reserved 1048576K
Event: 327.571 GC heap after
Heap after GC invocations=37 (full 4):
 PSYoungGen      total 275968K, used 19776K [0x00000000d5a00000, 0x00000000eb200000, 0x0000000100000000)
  eden space 244224K, 0% used [0x00000000d5a00000,0x00000000d5a00000,0x00000000e4880000)
  from space 31744K, 62% used [0x00000000e4880000,0x00000000e5bd0000,0x00000000e6780000)
  to   space 32256K, 0% used [0x00000000e9280000,0x00000000e9280000,0x00000000eb200000)
 ParOldGen       total 284160K, used 189339K [0x0000000080e00000, 0x0000000092380000, 0x00000000d5a00000)
  object space 284160K, 66% used [0x0000000080e00000,0x000000008c6e6f50,0x0000000092380000)
 Metaspace       used 24806K, capacity 25212K, committed 25472K, reserved 1071104K
  class space    used 3336K, capacity 3439K, committed 3456K, reserved 1048576K
}
Event: 331.868 GC heap before
{Heap before GC invocations=38 (full 4):
 PSYoungGen      total 275968K, used 264000K [0x00000000d5a00000, 0x00000000eb200000, 0x0000000100000000)
  eden space 244224K, 100% used [0x00000000d5a00000,0x00000000e4880000,0x00000000e4880000)
  from space 31744K, 62% used [0x00000000e4880000,0x00000000e5bd0000,0x00000000e6780000)
  to   space 32256K, 0% used [0x00000000e9280000,0x00000000e9280000,0x00000000eb200000)
 ParOldGen       total 284160K, used 189339K [0x0000000080e00000, 0x0000000092380000, 0x00000000d5a00000)
  object space 284160K, 66% used [0x0000000080e00000,0x000000008c6e6f50,0x0000000092380000)
 Metaspace       used 24806K, capacity 25212K, committed 25472K, reserved 1071104K
  class space    used 3336K, capacity 3439K, committed 3456K, reserved 1048576K
Event: 331.905 GC heap after
Heap after GC invocations=38 (full 4):
 PSYoungGen      total 308736K, used 19904K [0x00000000d5a00000, 0x00000000ead00000, 0x0000000100000000)
  eden space 281600K, 0% used [0x00000000d5a00000,0x00000000d5a00000,0x00000000e6d00000)
  from space 27136K, 73% used [0x00000000e9280000,0x00000000ea5f0000,0x00000000ead00000)
  to   space 32768K, 0% used [0x00000000e6d00000,0x00000000e6d00000,0x00000000e8d00000)
 ParOldGen       total 284160K, used 209291K [0x0000000080e00000, 0x0000000092380000, 0x00000000d5a00000)
  object space 284160K, 73% used [0x0000000080e00000,0x000000008da62f50,0x0000000092380000)
 Metaspace       used 24806K, capacity 25212K, committed 25472K, reserved 1071104K
  class space    used 3336K, capacity 3439K, committed 3456K, reserved 1048576K
}

